This is pdfTeX, Version 3.14159265-2.6-1.40.16 (TeX Live 2015) (preloaded format=pdflatex 2015.5.24)  12 APR 2016 15:06
entering extended mode
 restricted \write18 enabled.
 file:line:error style messages enabled.
 %&-line parsing enabled.
**bibspacing.sty
(./bibspacing.sty
LaTeX2e <2015/01/01>
Babel <3.9l> and hyphenation patterns for 79 languages loaded.
\bibitemsep=\skip41
\bibparskip=\skip42

./bibspacing.sty:4: LaTeX Error: \thebibliography undefined.

See the LaTeX manual or LaTeX Companion for explanation.
Type  H <return>  for immediate help.
 ...                                              
                                                  
l.4 \renewcommand\thebibliography
                                 [1]{%
? 
./bibspacing.sty:4: Emergency stop.
 ...                                              
                                                  
l.4 \renewcommand\thebibliography
                                 [1]{%
Try typing  <return>  to proceed.
If that doesn't work, type  X <return>  to quit.

 
Here is how much of TeX's memory you used:
 11 strings out of 493089
 331 string characters out of 6134842
 53199 words of memory out of 5000000
 3594 multiletter control sequences out of 15000+600000
 3640 words of font info for 14 fonts, out of 8000000 for 9000
 1141 hyphenation exceptions out of 8191
 6i,0n,12p,137b,14s stack positions out of 5000i,500n,10000p,200000b,80000s
./bibspacing.sty:4:  ==> Fatal error occurred, no output PDF file produced!
